<?xml version="1.0" encoding="UTF-8"?>
<!-- Generated by org.testng.reporters.JUnitXMLReporter -->
<testsuite ignored="0" hostname="DESKTOP-DHF1RTD" failures="0" tests="19" name="Home PageTests" time="608.39" errors="0" timestamp="2024-09-13T13:36:37 BDT">
  <testcase classname="fbeats_q2.test_cases.homePage_Tests" name="Test_1" time="15.213"/>
  <testcase classname="fbeats_q2.test_cases.homePage_Tests" name="Test_2" time="19.93"/>
  <testcase classname="fbeats_q2.test_cases.homePage_Tests" name="Test_3" time="8.046"/>
  <testcase classname="fbeats_q2.test_cases.homePage_Tests" name="Test_4" time="8.043"/>
  <testcase classname="fbeats_q2.test_cases.homePage_Tests" name="Test_5" time="11.141"/>
  <testcase classname="fbeats_q2.test_cases.homePage_Tests" name="Test_6" time="14.172"/>
  <testcase classname="fbeats_q2.test_cases.homePage_Tests" name="Test_7" time="23.328"/>
  <testcase classname="fbeats_q2.test_cases.homePage_Tests" name="Test_8" time="22.274"/>
  <testcase classname="fbeats_q2.test_cases.homePage_Tests" name="Test9" time="34.347"/>
  <testcase classname="fbeats_q2.test_cases.homePage_Tests" name="Test10" time="25.228"/>
  <testcase classname="fbeats_q2.test_cases.homePage_Tests" name="Test11" time="14.227"/>
  <testcase classname="fbeats_q2.test_cases.homePage_Tests" name="Test12" time="14.199"/>
  <testcase classname="fbeats_q2.test_cases.homePage_Tests" name="Test13" time="17.26"/>
  <testcase classname="fbeats_q2.test_cases.homePage_Tests" name="Test14" time="42.998"/>
  <testcase classname="fbeats_q2.test_cases.homePage_Tests" name="Test15" time="32.415"/>
  <testcase classname="fbeats_q2.test_cases.homePage_Tests" name="Test16" time="35.373"/>
  <testcase classname="fbeats_q2.test_cases.homePage_Tests" name="Test17" time="32.545"/>
  <testcase classname="fbeats_q2.test_cases.homePage_Tests" name="Test18" time="21.569"/>
  <testcase classname="fbeats_q2.test_cases.homePage_Tests" name="Test19" time="32.643"/>
</testsuite> <!-- Home PageTests -->
