<?xml version="1.0" encoding="UTF-8"?>
<testsuite xmlns:xsi="http://www.w3.org/2001/XMLSchema-instance" xsi:noNamespaceSchemaLocation="https://maven.apache.org/surefire/maven-surefire-plugin/xsd/surefire-test-report.xsd" version="3.0.2" name="TestSuite" time="644.975" tests="21" errors="0" skipped="0" failures="0">
  <properties>
[...]
</properties>
  <testcase name="Test_1" classname="fbeats_q2.test_cases.homePage_Tests" time="15.315">
    <system-out><![CDATA[Test 1 running
Test 1 success

]]></system-out>
    <system-err><![CDATA[SLF4J: Failed to load class "org.slf4j.impl.StaticLoggerBinder".
SLF4J: Defaulting to no-operation (NOP) logger implementation
SLF4J: See http://www.slf4j.org/codes.html#StaticLoggerBinder for further details.
]]></system-err>
  </testcase>
  <testcase name="Test_2" classname="fbeats_q2.test_cases.homePage_Tests" time="19.939">
    <system-out><![CDATA[Test 2 running
Test 2 success

]]></system-out>
  </testcase>
  <testcase name="Test_3" classname="fbeats_q2.test_cases.homePage_Tests" time="8.05">
    <system-out><![CDATA[Test 3 running
Test 3 success

]]></system-out>
  </testcase>
  <testcase name="Test_4" classname="fbeats_q2.test_cases.homePage_Tests" time="8.045">
    <system-out><![CDATA[Test 4 running
Test 4 success

]]></system-out>
  </testcase>
  <testcase name="Test_5" classname="fbeats_q2.test_cases.homePage_Tests" time="11.141">
    <system-out><![CDATA[Test 5 running
Test 5 success

]]></system-out>
  </testcase>
  <testcase name="Test_6" classname="fbeats_q2.test_cases.homePage_Tests" time="14.176">
    <system-out><![CDATA[Test 6 running
Test 6 success

]]></system-out>
  </testcase>
  <testcase name="Test_7" classname="fbeats_q2.test_cases.homePage_Tests" time="23.33">
    <system-out><![CDATA[Test 7 running
Test 7 success

]]></system-out>
  </testcase>
  <testcase name="Test_8" classname="fbeats_q2.test_cases.homePage_Tests" time="22.308">
    <system-out><![CDATA[Test 8 running
Test 8 success

]]></system-out>
  </testcase>
  <testcase name="Test9" classname="fbeats_q2.test_cases.homePage_Tests" time="34.357">
    <system-out><![CDATA[Test 9 running
Test 9 success

]]></system-out>
  </testcase>
  <testcase name="Test10" classname="fbeats_q2.test_cases.homePage_Tests" time="25.231">
    <system-out><![CDATA[Test 10 running
Test 10 success

]]></system-out>
  </testcase>
  <testcase name="Test11" classname="fbeats_q2.test_cases.homePage_Tests" time="14.303">
    <system-out><![CDATA[Test 11 running
Test 11 success

]]></system-out>
  </testcase>
  <testcase name="Test12" classname="fbeats_q2.test_cases.homePage_Tests" time="14.228">
    <system-out><![CDATA[Test 12 running
Test 12 success

]]></system-out>
  </testcase>
  <testcase name="Test13" classname="fbeats_q2.test_cases.homePage_Tests" time="17.263">
    <system-out><![CDATA[Test 13 running
Test 13 success

]]></system-out>
  </testcase>
  <testcase name="Test14" classname="fbeats_q2.test_cases.homePage_Tests" time="43.001">
    <system-out><![CDATA[Test 14 running
Test 14 success

]]></system-out>
  </testcase>
  <testcase name="Test15" classname="fbeats_q2.test_cases.homePage_Tests" time="32.421">
    <system-out><![CDATA[Test 15 running
Test 15 success

]]></system-out>
  </testcase>
  <testcase name="Test16" classname="fbeats_q2.test_cases.homePage_Tests" time="35.406">
    <system-out><![CDATA[Test 16 running
Test 16 success

]]></system-out>
  </testcase>
  <testcase name="Test17" classname="fbeats_q2.test_cases.homePage_Tests" time="32.549">
    <system-out><![CDATA[Test 17 running
Test 17 success

]]></system-out>
  </testcase>
  <testcase name="Test18" classname="fbeats_q2.test_cases.homePage_Tests" time="21.574">
    <system-out><![CDATA[Test 18 running
Test 18 success

]]></system-out>
  </testcase>
  <testcase name="Test19" classname="fbeats_q2.test_cases.homePage_Tests" time="32.65">
    <system-out><![CDATA[Test 19 running
Test 19 success

]]></system-out>
  </testcase>
  <testcase name="Test_20" classname="fbeats_q2.test_cases.archivePage_Tests" time="23.817">
    <system-out><![CDATA[Test 20 running
Test 20 success

]]></system-out>
  </testcase>
  <testcase name="Test_21" classname="fbeats_q2.test_cases.archivePage_Tests" time="9.679">
    <system-out><![CDATA[Test 21 running
Test 21 success

]]></system-out>
  </testcase>
</testsuite>